<?xml version="1.0" encoding="UTF-8"?>
<!-- Generated by org.testng.reporters.JUnitXMLReporter -->
<testsuite ignored="0" hostname="LAPTOP-DLE01V7J" failures="0" tests="4" name="Test" time="14.276" errors="0" timestamp="2024-02-17T00:23:50 IST">
  <testcase classname="Soap.testRunner2" name="SoapTest" time="7.989"/>
  <testcase classname="Rest.restRunner2" name="RestTest2" time="4.208"/>
  <testcase classname="Rest.restRunner" name="RestTest" time="1.952"/>
  <testcase classname="Soap.testRunner3" name="singleTest" time="0.086"/>
</testsuite> <!-- Test -->
