<?xml version="1.0" encoding="UTF-8"?>
<testng-results ignored="0" total="4" passed="4" failed="0" skipped="0">
  <reporter-output>
  </reporter-output>
  <suite started-at="2024-02-17T00:23:36 IST" name="Suite" finished-at="2024-02-17T00:23:50 IST" duration-ms="14276">
    <groups>
    </groups>
    <test started-at="2024-02-17T00:23:36 IST" name="Test" finished-at="2024-02-17T00:23:50 IST" duration-ms="14276">
      <class name="Soap.testRunner3">
        <test-method signature="singleTest()[pri:0, instance:Soap.testRunner3@3c419631]" started-at="2024-02-17T00:23:50 IST" name="singleTest" finished-at="2024-02-17T00:23:50 IST" duration-ms="86" status="PASS">
          <reporter-output>
          </reporter-output>
        </test-method> <!-- singleTest -->
      </class> <!-- Soap.testRunner3 -->
      <class name="Rest.restRunner2">
        <test-method signature="RestTest2()[pri:0, instance:Rest.restRunner2@4b5d6a01]" started-at="2024-02-17T00:23:44 IST" name="RestTest2" finished-at="2024-02-17T00:23:48 IST" duration-ms="4208" status="PASS">
          <reporter-output>
          </reporter-output>
        </test-method> <!-- RestTest2 -->
      </class> <!-- Rest.restRunner2 -->
      <class name="Soap.testRunner2">
        <test-method signature="SoapTest()[pri:0, instance:Soap.testRunner2@3d680b5a]" started-at="2024-02-17T00:23:36 IST" name="SoapTest" finished-at="2024-02-17T00:23:44 IST" duration-ms="7989" status="PASS">
          <reporter-output>
          </reporter-output>
        </test-method> <!-- SoapTest -->
      </class> <!-- Soap.testRunner2 -->
      <class name="Rest.restRunner">
        <test-method signature="RestTest()[pri:0, instance:Rest.restRunner@4a22f9e2]" started-at="2024-02-17T00:23:48 IST" name="RestTest" finished-at="2024-02-17T00:23:50 IST" duration-ms="1952" status="PASS">
          <reporter-output>
          </reporter-output>
        </test-method> <!-- RestTest -->
      </class> <!-- Rest.restRunner -->
    </test> <!-- Test -->
  </suite> <!-- Suite -->
</testng-results>
